{
  "stats": {
    "suites": 1,
    "tests": 5,
    "passes": 4,
    "pending": 0,
    "failures": 1,
    "start": "2019-11-10T02:22:59.194Z",
    "end": "2019-11-10T02:23:17.490Z",
    "duration": 18296,
    "testsRegistered": 5,
    "passPercent": 80,
    "pendingPercent": 0,
    "other": 0,
    "hasOther": false,
    "skipped": 0,
    "hasSkipped": false
  },
  "results": [
    {
      "uuid": "15057f82-eab2-473c-8a2e-688afee08742",
      "title": "",
      "fullFile": "",
      "file": "",
      "beforeHooks": [],
      "afterHooks": [],
      "tests": [],
      "suites": [
        {
          "uuid": "8261b165-77da-41dc-856c-064c019927c2",
          "title": "Test the boilerplate",
          "fullFile": "",
          "file": "",
          "beforeHooks": [],
          "afterHooks": [],
          "tests": [
            {
              "title": "User can login and see the app welcome page",
              "fullTitle": "Test the boilerplate User can login and see the app welcome page",
              "timedOut": null,
              "duration": 5988,
              "state": "passed",
              "speed": "slow",
              "pass": true,
              "fail": false,
              "pending": false,
              "context": null,
              "code": "login();\ncy.get('h1').contains('Welcome to the App').should('exist');",
              "err": {},
              "uuid": "7f21d102-2193-4a36-a3be-9ac4ed3fd31e",
              "parentUUID": "8261b165-77da-41dc-856c-064c019927c2",
              "isHook": false,
              "skipped": false
            },
            {
              "title": "Logging out a user requires re-login",
              "fullTitle": "Test the boilerplate Logging out a user requires re-login",
              "timedOut": null,
              "duration": 4682,
              "state": "passed",
              "speed": "slow",
              "pass": true,
              "fail": false,
              "pending": false,
              "context": null,
              "code": "login();\ncy.get('a').contains('Logout').click();\ncy.visit('/app/dogs');\ncy.get(\"input[name=\\\"username\\\"]\").should('exist');",
              "err": {},
              "uuid": "a1296e34-bcc1-491b-b7df-07e51a17bacf",
              "parentUUID": "8261b165-77da-41dc-856c-064c019927c2",
              "isHook": false,
              "skipped": false
            },
            {
              "title": "Unauthenticated user is redirected back to the login page",
              "fullTitle": "Test the boilerplate Unauthenticated user is redirected back to the login page",
              "timedOut": null,
              "duration": 988,
              "state": "passed",
              "speed": "slow",
              "pass": true,
              "fail": false,
              "pending": false,
              "context": null,
              "code": "cy.visit('/app');\ncy.get(\"input[name=\\\"username\\\"]\").should('exist');\ncy.visit('/app/dogs');\ncy.get(\"input[name=\\\"username\\\"]\").should('exist');",
              "err": {},
              "uuid": "7110e7f1-00fa-4a29-909b-422a23ffe4b0",
              "parentUUID": "8261b165-77da-41dc-856c-064c019927c2",
              "isHook": false,
              "skipped": false
            },
            {
              "title": "View a list of random dogs",
              "fullTitle": "Test the boilerplate View a list of random dogs",
              "timedOut": null,
              "duration": 5902,
              "state": "passed",
              "speed": "slow",
              "pass": true,
              "fail": false,
              "pending": false,
              "context": null,
              "code": "cy.server();\nlogin();\ncy.get('#sideBarToggle').click();\ncy.get('.ant-menu-submenu-title').contains('Dogs').click();\ncy.get('.ant-menu-item').contains('Dogs').click();\ncy.get('.dogImage').should('have.length', 20);",
              "err": {},
              "uuid": "f4f8276a-d756-41b0-8628-530df3f2c40e",
              "parentUUID": "8261b165-77da-41dc-856c-064c019927c2",
              "isHook": false,
              "skipped": false
            },
            {
              "title": "Fail on purpose",
              "fullTitle": "Test the boilerplate Fail on purpose",
              "timedOut": null,
              "duration": 507,
              "state": "failed",
              "speed": null,
              "pass": false,
              "fail": true,
              "pending": false,
              "context": null,
              "code": "assert(1 === 2);",
              "err": {
                "message": "AssertionError: Unspecified AssertionError",
                "estack": "AssertionError: Unspecified AssertionError\n    at fn (http://localhost:3000/__cypress/runner/cypress_runner.js:85871:19)\n    at Context.runnable.fn (http://localhost:3000/__cypress/runner/cypress_runner.js:100724:20)\n    at callFn (http://localhost:3000/__cypress/runner/cypress_runner.js:30931:21)\n    at http://localhost:3000/__cypress/runner/cypress_runner.js:103593:28\n    at PassThroughHandlerContext.finallyHandler (http://localhost:3000/__cypress/runner/cypress_runner.js:135418:23)\n    at PassThroughHandlerContext.tryCatcher (http://localhost:3000/__cypress/runner/cypress_runner.js:138863:23)\n    at Promise._settlePromiseFromHandler (http://localhost:3000/__cypress/runner/cypress_runner.js:136799:31)\n    at Promise._settlePromise (http://localhost:3000/__cypress/runner/cypress_runner.js:136856:18)\n    at Promise._settlePromise0 (http://localhost:3000/__cypress/runner/cypress_runner.js:136901:10)\n    at Promise._settlePromises (http://localhost:3000/__cypress/runner/cypress_runner.js:136980:18)\n    at Async../node_modules/bluebird/js/release/async.js.Async._drainQueue (http://localhost:3000/__cypress/runner/cypress_runner.js:133588:16)\n    at Async../node_modules/bluebird/js/release/async.js.Async._drainQueues (http://localhost:3000/__cypress/runner/cypress_runner.js:133598:10)\n    at Async.drainQueues (http://localhost:3000/__cypress/runner/cypress_runner.js:133472:14)",
                "diff": null
              },
              "uuid": "8e383d78-abd0-4126-9d9d-68ed1411d76d",
              "parentUUID": "8261b165-77da-41dc-856c-064c019927c2",
              "isHook": false,
              "skipped": false
            }
          ],
          "suites": [],
          "passes": [
            "7f21d102-2193-4a36-a3be-9ac4ed3fd31e",
            "a1296e34-bcc1-491b-b7df-07e51a17bacf",
            "7110e7f1-00fa-4a29-909b-422a23ffe4b0",
            "f4f8276a-d756-41b0-8628-530df3f2c40e"
          ],
          "failures": [
            "8e383d78-abd0-4126-9d9d-68ed1411d76d"
          ],
          "pending": [],
          "skipped": [],
          "duration": 18067,
          "root": false,
          "rootEmpty": false,
          "_timeout": 2000
        }
      ],
      "passes": [],
      "failures": [],
      "pending": [],
      "skipped": [],
      "duration": 0,
      "root": true,
      "rootEmpty": true,
      "_timeout": 2000
    }
  ],
  "meta": {
    "mocha": {
      "version": "6.2.2"
    },
    "mochawesome": {
      "options": {
        "quiet": true,
        "reportFilename": "mochawesome",
        "saveHtml": false,
        "saveJson": true,
        "consoleReporter": "spec",
        "useInlineDiffs": false
      },
      "version": "4.1.0"
    },
    "marge": {
      "options": {
        "id": "default",
        "reportDir": "cypress/reports",
        "quiet": true,
        "overwrite": false,
        "html": false,
        "json": true
      },
      "version": "4.0.1"
    }
  }
}