<?xml version="1.0" encoding="UTF-8"?>
<testsuites name="Mocha Tests" time="19.369999999999997" tests="4" failures="0">
  <testsuite name="Root Suite" timestamp="2019-11-09T22:23:46" tests="0" failures="0" time="0">
  </testsuite>
  <testsuite name="Test the boilerplate" timestamp="2019-11-09T22:23:46" tests="4" failures="0" time="19.369999999999997">
    <testcase name="Test the boilerplate User can login and see the app welcome page" time="6.562" classname="User can login and see the app welcome page">
    </testcase>
    <testcase name="Test the boilerplate Logging out a user requires re-login" time="5.861" classname="Logging out a user requires re-login">
    </testcase>
    <testcase name="Test the boilerplate Unauthenticated user is redirected back to the login page" time="1.456" classname="Unauthenticated user is redirected back to the login page">
    </testcase>
    <testcase name="Test the boilerplate View a list of random dogs" time="5.491" classname="View a list of random dogs">
    </testcase>
  </testsuite>
</testsuites>