<?xml version="1.0" encoding="UTF-8"?>
<testsuites name="Mocha Tests" time="17.248" tests="5" failures="0" skipped="1">
  <testsuite name="Root Suite" timestamp="2019-11-10T05:05:18" tests="0" failures="0" time="0">
  </testsuite>
  <testsuite name="Test the boilerplate" timestamp="2019-11-10T05:05:18" tests="5" failures="0" time="17.248">
    <testcase name="Test the boilerplate User can login and see the app welcome page" time="7.564" classname="User can login and see the app welcome page">
    </testcase>
    <testcase name="Test the boilerplate Logging out a user requires re-login" time="4.402" classname="Logging out a user requires re-login">
    </testcase>
    <testcase name="Test the boilerplate Unauthenticated user is redirected back to the login page" time="0.755" classname="Unauthenticated user is redirected back to the login page">
    </testcase>
    <testcase name="Test the boilerplate View a list of random dogs" time="4.527" classname="View a list of random dogs">
    </testcase>
  </testsuite>
</testsuites>